2025-10-01 18:59:58,708 -INFO -Ingeston start
2025-10-01 19:00:28,061 -INFO -Ingeston start
2025-10-01 19:00:28,545 -INFO -Ingesting begin_inventory.csv in db
2025-10-01 19:00:33,229 -INFO -Ingesting end_inventory.csv in db
2025-10-01 19:00:46,788 -INFO -Ingesting purchases.csv in db
2025-10-01 19:02:04,724 -INFO -Ingesting purchase_prices.csv in db
2025-10-01 19:02:38,358 -INFO -Ingesting sales.csv in db
2025-10-01 19:11:54,466 -INFO -Ingesting vendor_invoice.csv in db
2025-10-01 19:11:54,700 -INFO ---------Ingestion complete---------
2025-10-01 19:11:54,700 -INFO -Total Time Taken: 11.443985867500306 minutes
2025-10-04 16:06:45,037 -INFO -Creating Vendor Summary Table....
2025-10-04 16:07:53,944 -INFO -   VendorNumber                   VendorName  Brand              Description  \
0          1128  BROWN-FORMAN CORP             1233  Jack Daniels No 7 Black   
1          4425        MARTIGNETTI COMPANIES   3405    Tito's Handmade Vodka   
2         17035  PERNOD RICARD USA             8068         Absolut 80 Proof   
3          3960  DIAGEO NORTH AMERICA INC      4261   Capt Morgan Spiced Rum   
4          3960  DIAGEO NORTH AMERICA INC      3545          Ketel One Vodka   

   PurchasePrice  ActualPrice Volume  TotalPurchaseQuantity  \
0          26.27        36.99   1750                 145080   
1          23.19        28.99   1750                 164038   
2          18.24        24.99   1750                 187407   
3          16.17        22.99   1750                 201682   
4          21.89        29.99   1750                 138109   

   TotalPurchaseDollars  TotalSalesQuantity  TotalSalesDollars  \
0            3811251.60            142049.0         5101919.51   
1            3804041.22            160247.0         4819073.49   
2            3418303.68            187140.0         4538120.60   
3            3261197.94            200412.0         4475972.88   
4            3023206.01            135838.0         4223107.62   

   TotalSalesPrice  TotalExciseTax  FreightCost  
0        672819.31       260999.20     68601.68  
1        561512.37       294438.66    144929.24  
2        461140.15       343854.07    123780.22  
3        420050.01       368242.80    257032.07  
4        545778.28       249587.83    257032.07  
2025-10-04 16:07:53,961 -INFO -Cleaning Data...
2025-10-06 14:43:58,144 -INFO -Creating Vendor Summary Table....
